2019-01-14 16:09:32,703 [Worker-3: Loading available Gradle versions] INFO  o.e.b.c.i.u.g.PublishedGradleVersions - Gradle version information cache is up-to-date. Trying to read.
2019-01-14 16:11:22,847 [Worker-0: Update Maven projects configuration] INFO  o.e.m.c.i.p.ProjectConfigurationManager - Update started
2019-01-14 16:11:25,330 [Worker-0: Update Maven projects configuration] INFO  o.e.m.c.i.l.LifecycleMappingFactory - Using org.eclipse.m2e.jdt.JarLifecycleMapping lifecycle mapping for MavenProject: in.co.galaxy.assignment:atuljain:0.0.1-SNAPSHOT @ D:\TRANSPORT\InterstellarTransportSystem-master\pom.xml.
2019-01-14 16:11:29,405 [Worker-0: Update Maven projects configuration] INFO  o.e.m.c.i.embedder.EclipseLogger - Generating source...
2019-01-14 16:11:29,470 [Worker-0: Update Maven projects configuration] INFO  o.e.m.c.i.embedder.EclipseLogger - parsing a schema...
2019-01-14 16:11:29,700 [Worker-6: Building workspace] INFO  o.e.m.c.i.embedder.EclipseLogger - Generating source...
2019-01-14 16:11:29,720 [Worker-6: Building workspace] INFO  o.e.m.c.i.embedder.EclipseLogger - parsing a schema...
2019-01-14 16:11:30,133 [Worker-0: Update Maven projects configuration] INFO  o.e.m.c.i.embedder.EclipseLogger - compiling a schema...
2019-01-14 16:11:30,134 [Worker-6: Building workspace] INFO  o.e.m.c.i.embedder.EclipseLogger - compiling a schema...
2019-01-14 16:11:30,204 [Worker-0: Update Maven projects configuration] INFO  o.e.m.c.i.embedder.EclipseLogger - in\co\galaxy\assignment\schema\GetShortestPathRequest.java
2019-01-14 16:11:30,204 [Worker-6: Building workspace] INFO  o.e.m.c.i.embedder.EclipseLogger - in\co\galaxy\assignment\schema\GetShortestPathRequest.java
2019-01-14 16:11:30,229 [Worker-6: Building workspace] INFO  o.e.m.c.i.embedder.EclipseLogger - in\co\galaxy\assignment\schema\GetShortestPathResponse.java
2019-01-14 16:11:30,236 [Worker-0: Update Maven projects configuration] INFO  o.e.m.c.i.embedder.EclipseLogger - in\co\galaxy\assignment\schema\GetShortestPathResponse.java
2019-01-14 16:11:30,242 [Worker-6: Building workspace] INFO  o.e.m.c.i.embedder.EclipseLogger - in\co\galaxy\assignment\schema\ObjectFactory.java
2019-01-14 16:11:30,249 [Worker-0: Update Maven projects configuration] INFO  o.e.m.c.i.embedder.EclipseLogger - in\co\galaxy\assignment\schema\ObjectFactory.java
2019-01-14 16:11:30,254 [Worker-6: Building workspace] INFO  o.e.m.c.i.embedder.EclipseLogger - in\co\galaxy\assignment\schema\package-info.java
2019-01-14 16:11:30,258 [Worker-0: Update Maven projects configuration] INFO  o.e.m.c.i.embedder.EclipseLogger - in\co\galaxy\assignment\schema\package-info.java
2019-01-14 16:11:30,732 [Worker-6: Building workspace] INFO  o.e.m.c.i.embedder.EclipseLogger - Using 'UTF-8' encoding to copy filtered resources.
2019-01-14 16:11:30,739 [Worker-6: Building workspace] INFO  o.e.m.c.i.embedder.EclipseLogger - Copying 1 resource
2019-01-14 16:11:30,765 [Worker-6: Building workspace] INFO  o.e.m.c.i.embedder.EclipseLogger - Copying 21 resources
2019-01-14 16:11:30,912 [Worker-6: Building workspace] INFO  o.e.m.c.i.embedder.EclipseLogger - Using 'UTF-8' encoding to copy filtered resources.
2019-01-14 16:11:30,915 [Worker-6: Building workspace] INFO  o.e.m.c.i.embedder.EclipseLogger - Copying 3 resources
2019-01-14 16:11:31,454 [Worker-0: Update Maven projects configuration] INFO  o.e.m.j.i.AbstractJavaProjectConfigurator - Adding source folder /InterstellarTransportSystem-master/src/main/java
2019-01-14 16:11:31,455 [Worker-0: Update Maven projects configuration] INFO  o.e.m.j.i.AbstractJavaProjectConfigurator - Adding resource folder /InterstellarTransportSystem-master/src/main/resources
2019-01-14 16:11:31,483 [Worker-0: Update Maven projects configuration] INFO  o.e.m.j.i.AbstractJavaProjectConfigurator - Adding resource folder /InterstellarTransportSystem-master/src/main/resources
2019-01-14 16:11:31,522 [Worker-0: Update Maven projects configuration] INFO  o.e.m.j.i.AbstractJavaProjectConfigurator - Adding source folder /InterstellarTransportSystem-master/src/test/java
2019-01-14 16:11:31,523 [Worker-0: Update Maven projects configuration] INFO  o.e.m.j.i.AbstractJavaProjectConfigurator - Adding resource folder /InterstellarTransportSystem-master/src/test/resources
2019-01-14 16:11:35,755 [Worker-0: Update Maven projects configuration] INFO  o.e.m.c.i.p.ProjectConfigurationManager - Update completed: 12 sec
2019-01-14 16:11:35,832 [Worker-11: Building workspace] INFO  o.e.m.c.i.embedder.EclipseLogger - No changes detected in schema or binding files - skipping source generation.
2019-01-14 16:11:35,837 [Worker-11: Building workspace] INFO  o.e.m.c.i.embedder.EclipseLogger - Using 'UTF-8' encoding to copy filtered resources.
2019-01-14 16:11:35,846 [Worker-11: Building workspace] INFO  o.e.m.c.i.embedder.EclipseLogger - Copying 1 resource
2019-01-14 16:11:35,856 [Worker-11: Building workspace] INFO  o.e.m.c.i.embedder.EclipseLogger - Copying 21 resources
2019-01-14 16:11:35,973 [Worker-11: Building workspace] INFO  o.e.m.c.i.embedder.EclipseLogger - Using 'UTF-8' encoding to copy filtered resources.
2019-01-14 16:11:35,976 [Worker-11: Building workspace] INFO  o.e.m.c.i.embedder.EclipseLogger - Copying 3 resources
2019-01-14 16:11:38,052 [Worker-6: Building workspace] INFO  o.e.m.c.i.embedder.EclipseLogger - No changes detected in schema or binding files - skipping source generation.
2019-01-14 16:11:38,053 [Worker-6: Building workspace] INFO  o.e.m.c.i.embedder.EclipseLogger - Using 'UTF-8' encoding to copy filtered resources.
2019-01-14 16:11:38,054 [Worker-6: Building workspace] INFO  o.e.m.c.i.embedder.EclipseLogger - Copying 0 resource
2019-01-14 16:11:38,054 [Worker-6: Building workspace] INFO  o.e.m.c.i.embedder.EclipseLogger - Copying 0 resource
2019-01-14 16:11:38,056 [Worker-6: Building workspace] INFO  o.e.m.c.i.embedder.EclipseLogger - Using 'UTF-8' encoding to copy filtered resources.
2019-01-14 16:11:38,056 [Worker-6: Building workspace] INFO  o.e.m.c.i.embedder.EclipseLogger - Copying 0 resource
2019-01-14 16:12:34,084 [Worker-0: Building workspace] INFO  o.e.m.c.i.l.LifecycleMappingFactory - Using org.eclipse.m2e.jdt.JarLifecycleMapping lifecycle mapping for MavenProject: in.co.galaxy.assignment:atuljain:0.0.1-SNAPSHOT @ D:\TRANSPORT\InterstellarTransportSystem-master\pom.xml.
2019-01-14 16:12:36,398 [Worker-0: Building workspace] INFO  o.e.m.c.i.embedder.EclipseLogger - Using 'UTF-8' encoding to copy filtered resources.
2019-01-14 16:12:36,399 [Worker-0: Building workspace] INFO  o.e.m.c.i.embedder.EclipseLogger - Copying 0 resource
2019-01-14 16:12:36,400 [Worker-0: Building workspace] INFO  o.e.m.c.i.embedder.EclipseLogger - Copying 0 resource
2019-01-14 16:12:36,403 [Worker-0: Building workspace] INFO  o.e.m.c.i.embedder.EclipseLogger - Using 'UTF-8' encoding to copy filtered resources.
2019-01-14 16:12:36,403 [Worker-0: Building workspace] INFO  o.e.m.c.i.embedder.EclipseLogger - Copying 0 resource
2019-01-14 16:13:18,573 [Worker-12: Building workspace] INFO  o.e.m.c.i.embedder.EclipseLogger - Using 'UTF-8' encoding to copy filtered resources.
2019-01-14 16:13:18,582 [Worker-12: Building workspace] INFO  o.e.m.c.i.embedder.EclipseLogger - Copying 1 resource
2019-01-14 16:13:18,603 [Worker-12: Building workspace] INFO  o.e.m.c.i.embedder.EclipseLogger - Copying 21 resources
2019-01-14 16:13:18,721 [Worker-12: Building workspace] INFO  o.e.m.c.i.embedder.EclipseLogger - Using 'UTF-8' encoding to copy filtered resources.
2019-01-14 16:13:18,723 [Worker-12: Building workspace] INFO  o.e.m.c.i.embedder.EclipseLogger - Copying 3 resources
2019-01-14 16:13:41,367 [Worker-12: Updating Maven Project] INFO  o.e.m.c.i.p.ProjectConfigurationManager - Update started
2019-01-14 16:13:42,902 [Worker-12: Updating Maven Project] INFO  o.e.m.c.i.l.LifecycleMappingFactory - Using org.eclipse.m2e.jdt.JarLifecycleMapping lifecycle mapping for MavenProject: in.co.galaxy.assignment:atuljain:0.0.1-SNAPSHOT @ D:\TRANSPORT\InterstellarTransportSystem-master\pom.xml.
2019-01-14 16:13:44,781 [Worker-12: Updating Maven Project] INFO  o.e.m.j.i.AbstractJavaProjectConfigurator - Adding source folder /InterstellarTransportSystem-master/src/main/java
2019-01-14 16:13:44,781 [Worker-12: Updating Maven Project] INFO  o.e.m.j.i.AbstractJavaProjectConfigurator - Adding resource folder /InterstellarTransportSystem-master/src/main/resources
2019-01-14 16:13:44,782 [Worker-12: Updating Maven Project] INFO  o.e.m.j.i.AbstractJavaProjectConfigurator - Adding resource folder /InterstellarTransportSystem-master/src/main/resources
2019-01-14 16:13:44,784 [Worker-12: Updating Maven Project] INFO  o.e.m.j.i.AbstractJavaProjectConfigurator - Adding source folder /InterstellarTransportSystem-master/src/test/java
2019-01-14 16:13:44,784 [Worker-12: Updating Maven Project] INFO  o.e.m.j.i.AbstractJavaProjectConfigurator - Adding resource folder /InterstellarTransportSystem-master/src/test/resources
2019-01-14 16:13:46,366 [Worker-12: Updating Maven Project] INFO  o.e.m.c.i.p.ProjectConfigurationManager - Update completed: 4 sec
2019-01-14 16:13:51,363 [Worker-11: Building workspace] INFO  o.e.m.c.i.embedder.EclipseLogger - Using 'UTF-8' encoding to copy filtered resources.
2019-01-14 16:13:51,364 [Worker-11: Building workspace] INFO  o.e.m.c.i.embedder.EclipseLogger - Copying 1 resource
2019-01-14 16:13:51,382 [Worker-11: Building workspace] INFO  o.e.m.c.i.embedder.EclipseLogger - Copying 21 resources
2019-01-14 16:13:51,514 [Worker-11: Building workspace] INFO  o.e.m.c.i.embedder.EclipseLogger - Using 'UTF-8' encoding to copy filtered resources.
2019-01-14 16:13:51,515 [Worker-11: Building workspace] INFO  o.e.m.c.i.embedder.EclipseLogger - Copying 3 resources
2019-01-14 16:14:13,358 [Worker-13: Launching Executing clean in D__TRANSPORT_InterstellarTransportSystem-master] INFO  o.e.m.i.launch.MavenLaunchDelegate - D:\TRANSPORT\InterstellarTransportSystem-master
2019-01-14 16:14:13,359 [Worker-13: Launching Executing clean in D__TRANSPORT_InterstellarTransportSystem-master] INFO  o.e.m.i.launch.MavenLaunchDelegate -  mvn -B clean
2019-01-14 16:14:17,471 [Worker-13: Building workspace] INFO  o.e.m.c.i.embedder.EclipseLogger - Using 'UTF-8' encoding to copy filtered resources.
2019-01-14 16:14:17,474 [Worker-13: Building workspace] INFO  o.e.m.c.i.embedder.EclipseLogger - Copying 1 resource
2019-01-14 16:14:17,480 [Worker-13: Building workspace] INFO  o.e.m.c.i.embedder.EclipseLogger - Copying 21 resources
2019-01-14 16:14:17,582 [Worker-13: Building workspace] INFO  o.e.m.c.i.embedder.EclipseLogger - Using 'UTF-8' encoding to copy filtered resources.
2019-01-14 16:14:17,585 [Worker-13: Building workspace] INFO  o.e.m.c.i.embedder.EclipseLogger - Copying 3 resources
2019-01-14 16:14:33,258 [Worker-0: Launching Executing install in D__TRANSPORT_InterstellarTransportSystem-master] INFO  o.e.m.i.launch.MavenLaunchDelegate - D:\TRANSPORT\InterstellarTransportSystem-master
2019-01-14 16:14:33,258 [Worker-0: Launching Executing install in D__TRANSPORT_InterstellarTransportSystem-master] INFO  o.e.m.i.launch.MavenLaunchDelegate -  mvn -B install
2019-01-14 16:15:08,735 [Worker-0: Building workspace] INFO  o.e.m.c.i.embedder.EclipseLogger - Using 'UTF-8' encoding to copy filtered resources.
2019-01-14 16:15:08,741 [Worker-0: Building workspace] INFO  o.e.m.c.i.embedder.EclipseLogger - Copying 1 resource
2019-01-14 16:15:08,748 [Worker-0: Building workspace] INFO  o.e.m.c.i.embedder.EclipseLogger - Copying 21 resources
2019-01-14 16:15:08,763 [Worker-0: Building workspace] INFO  o.e.m.c.i.embedder.EclipseLogger - Using 'UTF-8' encoding to copy filtered resources.
2019-01-14 16:15:08,766 [Worker-0: Building workspace] INFO  o.e.m.c.i.embedder.EclipseLogger - Copying 3 resources
2019-01-14 16:19:08,359 [Worker-16: Building workspace] INFO  o.e.m.c.i.e.AbstractTransferListenerAdapter - Downloading https://repo.maven.apache.org/maven2/org/apache/maven/plugins/maven-war-plugin/2.5/maven-war-plugin-2.5.jar
2019-01-14 16:19:09,166 [Worker-16: Building workspace] INFO  o.e.m.c.i.e.AbstractTransferListenerAdapter - Downloaded https://repo.maven.apache.org/maven2/org/apache/maven/plugins/maven-war-plugin/2.5/maven-war-plugin-2.5.jar
2019-01-14 16:19:10,272 [Worker-16: Building workspace] INFO  o.e.m.c.i.l.LifecycleMappingFactory - Using org.maven.ide.eclipse.wtp.WarLifecycleMapping lifecycle mapping for MavenProject: in.co.galaxy.assignment:atuljain:0.0.1-SNAPSHOT @ D:\TRANSPORT\InterstellarTransportSystem-master\pom.xml.
2019-01-14 16:19:12,323 [Worker-16: Building workspace] INFO  o.e.m.c.i.e.AbstractTransferListenerAdapter - Downloading https://repo.maven.apache.org/maven2/org/apache/maven/plugins/maven-war-plugin/2.5/maven-war-plugin-2.5.pom
2019-01-14 16:19:12,549 [Worker-16: Building workspace] INFO  o.e.m.c.i.e.AbstractTransferListenerAdapter - Downloaded https://repo.maven.apache.org/maven2/org/apache/maven/plugins/maven-war-plugin/2.5/maven-war-plugin-2.5.pom
2019-01-14 16:19:13,516 [Worker-16: Building workspace] INFO  o.e.m.c.i.e.AbstractTransferListenerAdapter - Downloading https://repo.maven.apache.org/maven2/org/codehaus/plexus/plexus-io/2.1.3/plexus-io-2.1.3.pom
2019-01-14 16:19:13,761 [Worker-16: Building workspace] INFO  o.e.m.c.i.e.AbstractTransferListenerAdapter - Downloaded https://repo.maven.apache.org/maven2/org/codehaus/plexus/plexus-io/2.1.3/plexus-io-2.1.3.pom
2019-01-14 16:19:14,089 [Worker-16: Building workspace] INFO  o.e.m.c.i.e.AbstractTransferListenerAdapter - Downloading https://repo.maven.apache.org/maven2/org/codehaus/plexus/plexus-archiver/2.6.3/plexus-archiver-2.6.3.pom
2019-01-14 16:19:14,368 [Worker-16: Building workspace] INFO  o.e.m.c.i.e.AbstractTransferListenerAdapter - Downloaded https://repo.maven.apache.org/maven2/org/codehaus/plexus/plexus-archiver/2.6.3/plexus-archiver-2.6.3.pom
2019-01-14 16:19:14,668 [Worker-16: Building workspace] INFO  o.e.m.c.i.e.AbstractTransferListenerAdapter - Downloading https://repo.maven.apache.org/maven2/org/apache/commons/commons-compress/1.8.1/commons-compress-1.8.1.pom
2019-01-14 16:19:14,970 [Worker-16: Building workspace] INFO  o.e.m.c.i.e.AbstractTransferListenerAdapter - Downloaded https://repo.maven.apache.org/maven2/org/apache/commons/commons-compress/1.8.1/commons-compress-1.8.1.pom
2019-01-14 16:19:15,253 [Worker-16: Building workspace] INFO  o.e.m.c.i.e.AbstractTransferListenerAdapter - Downloading https://repo.maven.apache.org/maven2/org/apache/commons/commons-parent/33/commons-parent-33.pom
2019-01-14 16:19:15,816 [Worker-16: Building workspace] INFO  o.e.m.c.i.e.AbstractTransferListenerAdapter - Downloaded https://repo.maven.apache.org/maven2/org/apache/commons/commons-parent/33/commons-parent-33.pom
2019-01-14 16:19:16,149 [Worker-16: Building workspace] INFO  o.e.m.c.i.e.AbstractTransferListenerAdapter - Downloading https://repo.maven.apache.org/maven2/org/apache/maven/shared/maven-filtering/1.2/maven-filtering-1.2.pom
2019-01-14 16:19:16,436 [Worker-16: Building workspace] INFO  o.e.m.c.i.e.AbstractTransferListenerAdapter - Downloaded https://repo.maven.apache.org/maven2/org/apache/maven/shared/maven-filtering/1.2/maven-filtering-1.2.pom
2019-01-14 16:19:16,743 [Worker-16: Building workspace] INFO  o.e.m.c.i.e.AbstractTransferListenerAdapter - Downloading https://repo.maven.apache.org/maven2/org/apache/maven/shared/maven-shared-utils/0.3/maven-shared-utils-0.3.pom
2019-01-14 16:19:16,968 [Worker-16: Building workspace] INFO  o.e.m.c.i.e.AbstractTransferListenerAdapter - Downloaded https://repo.maven.apache.org/maven2/org/apache/maven/shared/maven-shared-utils/0.3/maven-shared-utils-0.3.pom
2019-01-14 16:19:17,494 [Worker-16: Building workspace] INFO  o.e.m.c.i.e.AbstractTransferListenerAdapter - Downloading https://repo.maven.apache.org/maven2/org/codehaus/plexus/plexus-io/2.1.3/plexus-io-2.1.3.jar
2019-01-14 16:19:17,972 [Worker-16: Building workspace] INFO  o.e.m.c.i.e.AbstractTransferListenerAdapter - Downloaded https://repo.maven.apache.org/maven2/org/codehaus/plexus/plexus-io/2.1.3/plexus-io-2.1.3.jar
2019-01-14 16:19:18,188 [Worker-16: Building workspace] INFO  o.e.m.c.i.e.AbstractTransferListenerAdapter - Downloading https://repo.maven.apache.org/maven2/org/codehaus/plexus/plexus-archiver/2.6.3/plexus-archiver-2.6.3.jar
2019-01-14 16:19:18,716 [Worker-16: Building workspace] INFO  o.e.m.c.i.e.AbstractTransferListenerAdapter - Downloaded https://repo.maven.apache.org/maven2/org/codehaus/plexus/plexus-archiver/2.6.3/plexus-archiver-2.6.3.jar
2019-01-14 16:19:18,926 [Worker-16: Building workspace] INFO  o.e.m.c.i.e.AbstractTransferListenerAdapter - Downloading https://repo.maven.apache.org/maven2/org/apache/commons/commons-compress/1.8.1/commons-compress-1.8.1.jar
2019-01-14 16:19:19,481 [Worker-16: Building workspace] INFO  o.e.m.c.i.e.AbstractTransferListenerAdapter - Downloaded https://repo.maven.apache.org/maven2/org/apache/commons/commons-compress/1.8.1/commons-compress-1.8.1.jar
2019-01-14 16:19:19,697 [Worker-16: Building workspace] INFO  o.e.m.c.i.e.AbstractTransferListenerAdapter - Downloading https://repo.maven.apache.org/maven2/org/codehaus/plexus/plexus-interpolation/1.19/plexus-interpolation-1.19.jar
2019-01-14 16:19:19,955 [Worker-16: Building workspace] INFO  o.e.m.c.i.e.AbstractTransferListenerAdapter - Downloaded https://repo.maven.apache.org/maven2/org/codehaus/plexus/plexus-interpolation/1.19/plexus-interpolation-1.19.jar
2019-01-14 16:19:20,162 [Worker-16: Building workspace] INFO  o.e.m.c.i.e.AbstractTransferListenerAdapter - Downloading https://repo.maven.apache.org/maven2/org/codehaus/plexus/plexus-utils/3.0.18/plexus-utils-3.0.18.jar
2019-01-14 16:19:20,458 [Worker-16: Building workspace] INFO  o.e.m.c.i.e.AbstractTransferListenerAdapter - Downloaded https://repo.maven.apache.org/maven2/org/codehaus/plexus/plexus-utils/3.0.18/plexus-utils-3.0.18.jar
2019-01-14 16:19:20,674 [Worker-16: Building workspace] INFO  o.e.m.c.i.e.AbstractTransferListenerAdapter - Downloading https://repo.maven.apache.org/maven2/org/apache/maven/shared/maven-filtering/1.2/maven-filtering-1.2.jar
2019-01-14 16:19:20,933 [Worker-16: Building workspace] INFO  o.e.m.c.i.e.AbstractTransferListenerAdapter - Downloaded https://repo.maven.apache.org/maven2/org/apache/maven/shared/maven-filtering/1.2/maven-filtering-1.2.jar
2019-01-14 16:19:21,140 [Worker-16: Building workspace] INFO  o.e.m.c.i.e.AbstractTransferListenerAdapter - Downloading https://repo.maven.apache.org/maven2/org/apache/maven/shared/maven-shared-utils/0.3/maven-shared-utils-0.3.jar
2019-01-14 16:19:21,451 [Worker-16: Building workspace] INFO  o.e.m.c.i.e.AbstractTransferListenerAdapter - Downloaded https://repo.maven.apache.org/maven2/org/apache/maven/shared/maven-shared-utils/0.3/maven-shared-utils-0.3.jar
2019-01-14 16:19:24,536 [Worker-16: Building workspace] INFO  o.e.m.c.i.embedder.EclipseLogger - Using 'UTF-8' encoding to copy filtered resources.
2019-01-14 16:19:24,538 [Worker-16: Building workspace] INFO  o.e.m.c.i.embedder.EclipseLogger - Copying 0 resource
2019-01-14 16:19:24,539 [Worker-16: Building workspace] INFO  o.e.m.c.i.embedder.EclipseLogger - Copying 0 resource
2019-01-14 16:19:24,542 [Worker-16: Building workspace] INFO  o.e.m.c.i.embedder.EclipseLogger - Using 'UTF-8' encoding to copy filtered resources.
2019-01-14 16:19:24,543 [Worker-16: Building workspace] INFO  o.e.m.c.i.embedder.EclipseLogger - Copying 0 resource
2019-01-14 16:19:24,547 [Worker-16: Building workspace] INFO  o.e.m.w.i.f.ResourceFilteringBuildParticipant - Changed resources require a complete clean of filtered resources of InterstellarTransportSystem-master
2019-01-14 16:19:24,548 [Worker-16: Building workspace] INFO  o.e.m.w.i.f.ResourceFilteringBuildParticipant - Executing resource filtering for InterstellarTransportSystem-master
2019-01-14 16:19:25,062 [Worker-16: Building workspace] WARN  o.e.m.c.i.embedder.EclipseLogger - The POM for org.codehaus.mojo:build-helper-maven-plugin:jar:1.9.1 is missing, no dependency information available
2019-01-14 16:19:25,069 [Worker-16: Building workspace] WARN  o.e.m.c.i.embedder.EclipseLogger - Failed to retrieve plugin descriptor for org.codehaus.mojo:build-helper-maven-plugin:1.9.1: Plugin org.codehaus.mojo:build-helper-maven-plugin:1.9.1 or one of its dependencies could not be resolved: Cannot access central (https://repo.maven.apache.org/maven2) in offline mode and the artifact org.codehaus.mojo:build-helper-maven-plugin:jar:1.9.1 has not been downloaded from it before.
2019-01-14 16:19:25,103 [Worker-16: Building workspace] WARN  o.e.m.c.i.embedder.EclipseLogger - The POM for org.codehaus.mojo:build-helper-maven-plugin:jar:1.9.1 is missing, no dependency information available
2019-01-14 16:19:25,107 [Worker-16: Building workspace] WARN  o.e.m.c.i.embedder.EclipseLogger - Failed to retrieve plugin descriptor for org.codehaus.mojo:build-helper-maven-plugin:1.9.1: Plugin org.codehaus.mojo:build-helper-maven-plugin:1.9.1 or one of its dependencies could not be resolved: Cannot access central (https://repo.maven.apache.org/maven2) in offline mode and the artifact org.codehaus.mojo:build-helper-maven-plugin:jar:1.9.1 has not been downloaded from it before.
2019-01-14 16:19:25,115 [Worker-16: Building workspace] INFO  o.e.m.c.i.embedder.EclipseLogger - Using 'UTF-8' encoding to copy filtered resources.
2019-01-14 16:19:25,184 [Worker-16: Updating Maven Project] INFO  o.e.m.c.i.p.ProjectConfigurationManager - Update started
2019-01-14 16:19:26,814 [Worker-16: Updating Maven Project] INFO  o.e.m.c.i.l.LifecycleMappingFactory - Using org.maven.ide.eclipse.wtp.WarLifecycleMapping lifecycle mapping for MavenProject: in.co.galaxy.assignment:atuljain:0.0.1-SNAPSHOT @ D:\TRANSPORT\InterstellarTransportSystem-master\pom.xml.
2019-01-14 16:19:29,890 [Worker-16: Updating Maven Project] INFO  o.e.m.j.i.AbstractJavaProjectConfigurator - Adding source folder /InterstellarTransportSystem-master/src/main/java
2019-01-14 16:19:29,890 [Worker-16: Updating Maven Project] INFO  o.e.m.j.i.AbstractJavaProjectConfigurator - Adding resource folder /InterstellarTransportSystem-master/src/main/resources
2019-01-14 16:19:29,891 [Worker-16: Updating Maven Project] INFO  o.e.m.j.i.AbstractJavaProjectConfigurator - Adding resource folder /InterstellarTransportSystem-master/src/main/resources
2019-01-14 16:19:29,892 [Worker-16: Updating Maven Project] INFO  o.e.m.j.i.AbstractJavaProjectConfigurator - Adding source folder /InterstellarTransportSystem-master/src/test/java
2019-01-14 16:19:29,892 [Worker-16: Updating Maven Project] INFO  o.e.m.j.i.AbstractJavaProjectConfigurator - Adding resource folder /InterstellarTransportSystem-master/src/test/resources
2019-01-14 16:19:33,436 [Worker-16: Updating Maven Project] INFO  o.e.m.c.i.e.AbstractTransferListenerAdapter - Downloading https://repo.maven.apache.org/maven2/org/codehaus/mojo/build-helper-maven-plugin/1.9.1/build-helper-maven-plugin-1.9.1.pom
2019-01-14 16:19:33,699 [Worker-16: Updating Maven Project] INFO  o.e.m.c.i.e.AbstractTransferListenerAdapter - Downloaded https://repo.maven.apache.org/maven2/org/codehaus/mojo/build-helper-maven-plugin/1.9.1/build-helper-maven-plugin-1.9.1.pom
2019-01-14 16:19:33,955 [Worker-16: Updating Maven Project] INFO  o.e.m.c.i.e.AbstractTransferListenerAdapter - Downloading https://repo.maven.apache.org/maven2/org/codehaus/mojo/mojo-parent/33/mojo-parent-33.pom
2019-01-14 16:19:34,419 [Worker-16: Updating Maven Project] INFO  o.e.m.c.i.e.AbstractTransferListenerAdapter - Downloaded https://repo.maven.apache.org/maven2/org/codehaus/mojo/mojo-parent/33/mojo-parent-33.pom
2019-01-14 16:19:34,686 [Worker-16: Updating Maven Project] INFO  o.e.m.c.i.e.AbstractTransferListenerAdapter - Downloading https://repo.maven.apache.org/maven2/org/codehaus/mojo/build-helper-maven-plugin/1.9.1/build-helper-maven-plugin-1.9.1.jar
2019-01-14 16:19:35,145 [Worker-16: Updating Maven Project] INFO  o.e.m.c.i.e.AbstractTransferListenerAdapter - Downloaded https://repo.maven.apache.org/maven2/org/codehaus/mojo/build-helper-maven-plugin/1.9.1/build-helper-maven-plugin-1.9.1.jar
2019-01-14 16:19:37,135 [Worker-16: Updating Maven Project] INFO  o.e.m.w.i.f.ResourceFilteringBuildParticipant - Cleaning filtered folder for InterstellarTransportSystem-master
2019-01-14 16:19:37,303 [Worker-16: Updating Maven Project] INFO  o.e.m.c.i.p.ProjectConfigurationManager - Update completed: 12 sec
2019-01-14 16:19:42,224 [Worker-11: Building workspace] INFO  o.e.m.c.i.embedder.EclipseLogger - Using 'UTF-8' encoding to copy filtered resources.
2019-01-14 16:19:42,225 [Worker-11: Building workspace] INFO  o.e.m.c.i.embedder.EclipseLogger - Copying 1 resource
2019-01-14 16:19:42,246 [Worker-11: Building workspace] INFO  o.e.m.c.i.embedder.EclipseLogger - Copying 21 resources
2019-01-14 16:19:42,383 [Worker-11: Building workspace] INFO  o.e.m.c.i.embedder.EclipseLogger - Using 'UTF-8' encoding to copy filtered resources.
2019-01-14 16:19:42,383 [Worker-11: Building workspace] INFO  o.e.m.c.i.embedder.EclipseLogger - Copying 3 resources
2019-01-14 16:19:42,421 [Worker-11: Building workspace] INFO  o.e.m.w.i.f.ResourceFilteringBuildParticipant - Changed resources require a complete clean of filtered resources of InterstellarTransportSystem-master
2019-01-14 16:19:42,421 [Worker-11: Building workspace] INFO  o.e.m.w.i.f.ResourceFilteringBuildParticipant - Executing resource filtering for InterstellarTransportSystem-master
2019-01-14 16:19:42,431 [Worker-11: Building workspace] INFO  o.e.m.c.i.embedder.EclipseLogger - Using 'UTF-8' encoding to copy filtered resources.
2019-01-14 16:25:01,322 [Worker-15: Building workspace] INFO  o.e.m.c.i.embedder.EclipseLogger - Using 'UTF-8' encoding to copy filtered resources.
2019-01-14 16:25:01,326 [Worker-15: Building workspace] INFO  o.e.m.c.i.embedder.EclipseLogger - Copying 0 resource
2019-01-14 16:25:01,326 [Worker-15: Building workspace] INFO  o.e.m.c.i.embedder.EclipseLogger - Copying 0 resource
2019-01-14 16:25:01,329 [Worker-15: Building workspace] INFO  o.e.m.c.i.embedder.EclipseLogger - Using 'UTF-8' encoding to copy filtered resources.
2019-01-14 16:25:01,330 [Worker-15: Building workspace] INFO  o.e.m.c.i.embedder.EclipseLogger - Copying 0 resource
2019-01-14 16:25:03,465 [Worker-19: Building workspace] INFO  o.e.m.c.i.embedder.EclipseLogger - Using 'UTF-8' encoding to copy filtered resources.
2019-01-14 16:25:03,472 [Worker-19: Building workspace] INFO  o.e.m.c.i.embedder.EclipseLogger - Copying 1 resource
2019-01-14 16:25:03,478 [Worker-19: Building workspace] INFO  o.e.m.c.i.embedder.EclipseLogger - Copying 21 resources
2019-01-14 16:25:03,492 [Worker-19: Building workspace] INFO  o.e.m.c.i.embedder.EclipseLogger - Using 'UTF-8' encoding to copy filtered resources.
2019-01-14 16:25:03,492 [Worker-19: Building workspace] INFO  o.e.m.c.i.embedder.EclipseLogger - Copying 0 resource
2019-01-14 16:25:18,424 [Worker-11: Launching Executing clean in D__TRANSPORT_InterstellarTransportSystem-master] INFO  o.e.m.i.launch.MavenLaunchDelegate - D:\TRANSPORT\InterstellarTransportSystem-master
2019-01-14 16:25:18,424 [Worker-11: Launching Executing clean in D__TRANSPORT_InterstellarTransportSystem-master] INFO  o.e.m.i.launch.MavenLaunchDelegate -  mvn -B clean
2019-01-14 16:25:22,798 [Worker-20: Building workspace] INFO  o.e.m.c.i.embedder.EclipseLogger - Using 'UTF-8' encoding to copy filtered resources.
2019-01-14 16:25:22,800 [Worker-20: Building workspace] INFO  o.e.m.c.i.embedder.EclipseLogger - Copying 1 resource
2019-01-14 16:25:22,808 [Worker-20: Building workspace] INFO  o.e.m.c.i.embedder.EclipseLogger - Copying 21 resources
2019-01-14 16:25:22,935 [Worker-20: Building workspace] INFO  o.e.m.c.i.embedder.EclipseLogger - Using 'UTF-8' encoding to copy filtered resources.
2019-01-14 16:25:22,937 [Worker-20: Building workspace] INFO  o.e.m.c.i.embedder.EclipseLogger - Copying 3 resources
2019-01-14 16:25:22,957 [Worker-20: Building workspace] INFO  o.e.m.w.i.f.ResourceFilteringBuildParticipant - Changed resources require a complete clean of filtered resources of InterstellarTransportSystem-master
2019-01-14 16:25:22,958 [Worker-20: Building workspace] INFO  o.e.m.w.i.f.ResourceFilteringBuildParticipant - Executing resource filtering for InterstellarTransportSystem-master
2019-01-14 16:25:22,962 [Worker-20: Building workspace] INFO  o.e.m.c.i.embedder.EclipseLogger - Using 'UTF-8' encoding to copy filtered resources.
2019-01-14 16:25:30,881 [Worker-15: Launching Executing install in D__TRANSPORT_InterstellarTransportSystem-master] INFO  o.e.m.i.launch.MavenLaunchDelegate - D:\TRANSPORT\InterstellarTransportSystem-master
2019-01-14 16:25:30,882 [Worker-15: Launching Executing install in D__TRANSPORT_InterstellarTransportSystem-master] INFO  o.e.m.i.launch.MavenLaunchDelegate -  mvn -B install
2019-01-14 16:29:09,019 [Worker-21: Building workspace] INFO  o.e.m.c.i.l.LifecycleMappingFactory - Using org.eclipse.m2e.jdt.JarLifecycleMapping lifecycle mapping for MavenProject: in.co.galaxy.assignment:atuljain:0.0.1-SNAPSHOT @ D:\TRANSPORT\InterstellarTransportSystem-master\pom.xml.
2019-01-14 16:29:12,171 [Worker-21: Building workspace] INFO  o.e.m.c.i.embedder.EclipseLogger - Using 'UTF-8' encoding to copy filtered resources.
2019-01-14 16:29:12,173 [Worker-21: Building workspace] INFO  o.e.m.c.i.embedder.EclipseLogger - Copying 0 resource
2019-01-14 16:29:12,173 [Worker-21: Building workspace] INFO  o.e.m.c.i.embedder.EclipseLogger - Copying 0 resource
2019-01-14 16:29:12,175 [Worker-21: Building workspace] INFO  o.e.m.c.i.embedder.EclipseLogger - Using 'UTF-8' encoding to copy filtered resources.
2019-01-14 16:29:12,176 [Worker-21: Building workspace] INFO  o.e.m.c.i.embedder.EclipseLogger - Copying 0 resource
2019-01-14 16:29:14,005 [Worker-15: Building workspace] INFO  o.e.m.c.i.embedder.EclipseLogger - Using 'UTF-8' encoding to copy filtered resources.
2019-01-14 16:29:14,005 [Worker-15: Building workspace] INFO  o.e.m.c.i.embedder.EclipseLogger - Copying 0 resource
2019-01-14 16:29:14,005 [Worker-15: Building workspace] INFO  o.e.m.c.i.embedder.EclipseLogger - Copying 0 resource
2019-01-14 16:29:14,007 [Worker-15: Building workspace] INFO  o.e.m.c.i.embedder.EclipseLogger - Using 'UTF-8' encoding to copy filtered resources.
2019-01-14 16:29:14,008 [Worker-15: Building workspace] INFO  o.e.m.c.i.embedder.EclipseLogger - Copying 0 resource
2019-01-14 16:29:52,957 [Worker-11: Building workspace] INFO  o.e.m.c.i.l.LifecycleMappingFactory - Using org.eclipse.m2e.jdt.JarLifecycleMapping lifecycle mapping for MavenProject: in.co.galaxy.assignment:Jegan:0.0.1-SNAPSHOT @ D:\TRANSPORT\InterstellarTransportSystem-master\pom.xml.
2019-01-14 16:29:55,647 [Worker-11: Building workspace] INFO  o.e.m.c.i.embedder.EclipseLogger - Using 'UTF-8' encoding to copy filtered resources.
2019-01-14 16:29:55,649 [Worker-11: Building workspace] INFO  o.e.m.c.i.embedder.EclipseLogger - Copying 0 resource
2019-01-14 16:29:55,650 [Worker-11: Building workspace] INFO  o.e.m.c.i.embedder.EclipseLogger - Copying 0 resource
2019-01-14 16:29:55,652 [Worker-11: Building workspace] INFO  o.e.m.c.i.embedder.EclipseLogger - Using 'UTF-8' encoding to copy filtered resources.
2019-01-14 16:29:55,653 [Worker-11: Building workspace] INFO  o.e.m.c.i.embedder.EclipseLogger - Copying 0 resource
2019-01-14 16:32:42,026 [Worker-24: Launching Executing clean in D__TRANSPORT_InterstellarTransportSystem-master] INFO  o.e.m.i.launch.MavenLaunchDelegate - D:\TRANSPORT\InterstellarTransportSystem-master
2019-01-14 16:32:42,026 [Worker-24: Launching Executing clean in D__TRANSPORT_InterstellarTransportSystem-master] INFO  o.e.m.i.launch.MavenLaunchDelegate -  mvn -B clean
2019-01-14 16:32:46,294 [Worker-25: Building workspace] INFO  o.e.m.c.i.embedder.EclipseLogger - Using 'UTF-8' encoding to copy filtered resources.
2019-01-14 16:32:46,297 [Worker-25: Building workspace] INFO  o.e.m.c.i.embedder.EclipseLogger - Copying 1 resource
2019-01-14 16:32:46,317 [Worker-25: Building workspace] INFO  o.e.m.c.i.embedder.EclipseLogger - Copying 21 resources
2019-01-14 16:32:46,429 [Worker-25: Building workspace] INFO  o.e.m.c.i.embedder.EclipseLogger - Using 'UTF-8' encoding to copy filtered resources.
2019-01-14 16:32:46,429 [Worker-25: Building workspace] INFO  o.e.m.c.i.embedder.EclipseLogger - Copying 3 resources
2019-01-14 16:33:04,478 [Worker-23: Launching Executing install in D__TRANSPORT_InterstellarTransportSystem-master] INFO  o.e.m.i.launch.MavenLaunchDelegate - D:\TRANSPORT\InterstellarTransportSystem-master
2019-01-14 16:33:04,478 [Worker-23: Launching Executing install in D__TRANSPORT_InterstellarTransportSystem-master] INFO  o.e.m.i.launch.MavenLaunchDelegate -  mvn -B install
2019-01-14 16:35:08,343 [Worker-24: Launching Executing clean in D__TRANSPORT_InterstellarTransportSystem-master] INFO  o.e.m.i.launch.MavenLaunchDelegate - D:\TRANSPORT\InterstellarTransportSystem-master
2019-01-14 16:35:08,344 [Worker-24: Launching Executing clean in D__TRANSPORT_InterstellarTransportSystem-master] INFO  o.e.m.i.launch.MavenLaunchDelegate -  mvn -B clean
2019-01-14 16:35:12,360 [Worker-27: Building workspace] INFO  o.e.m.c.i.embedder.EclipseLogger - Using 'UTF-8' encoding to copy filtered resources.
2019-01-14 16:35:12,361 [Worker-27: Building workspace] INFO  o.e.m.c.i.embedder.EclipseLogger - Copying 1 resource
2019-01-14 16:35:12,367 [Worker-27: Building workspace] INFO  o.e.m.c.i.embedder.EclipseLogger - Copying 21 resources
2019-01-14 16:35:12,472 [Worker-27: Building workspace] INFO  o.e.m.c.i.embedder.EclipseLogger - Using 'UTF-8' encoding to copy filtered resources.
2019-01-14 16:35:12,473 [Worker-27: Building workspace] INFO  o.e.m.c.i.embedder.EclipseLogger - Copying 3 resources
2019-01-14 16:35:22,093 [Worker-17: Launching Executing install in D__TRANSPORT_InterstellarTransportSystem-master] INFO  o.e.m.i.launch.MavenLaunchDelegate - D:\TRANSPORT\InterstellarTransportSystem-master
2019-01-14 16:35:22,093 [Worker-17: Launching Executing install in D__TRANSPORT_InterstellarTransportSystem-master] INFO  o.e.m.i.launch.MavenLaunchDelegate -  mvn -B install
2019-01-14 16:35:55,805 [Worker-23: Building workspace] INFO  o.e.m.c.i.embedder.EclipseLogger - Using 'UTF-8' encoding to copy filtered resources.
2019-01-14 16:35:55,811 [Worker-23: Building workspace] INFO  o.e.m.c.i.embedder.EclipseLogger - Copying 1 resource
2019-01-14 16:35:55,817 [Worker-23: Building workspace] INFO  o.e.m.c.i.embedder.EclipseLogger - Copying 21 resources
2019-01-14 16:35:55,829 [Worker-23: Building workspace] INFO  o.e.m.c.i.embedder.EclipseLogger - Using 'UTF-8' encoding to copy filtered resources.
2019-01-14 16:35:55,832 [Worker-23: Building workspace] INFO  o.e.m.c.i.embedder.EclipseLogger - Copying 3 resources
